nohup: no se tendrá en cuenta la entrada
dic 21, 2025 5:24:16 P. M. io.jettra.federated.FederatedMain main
INFORMACIÓN: Loaded FederatedServers from cluster.json: [http://localhost:9000]
dic 21, 2025 5:24:16 P. M. io.jettra.federated.FederatedEngine start
INFORMACIÓN: Federated Engine starting...
dic 21, 2025 5:24:16 P. M. io.jettra.federated.FederatedRaftNode start
INFORMACIÓN: Federated Raft Node fed-9000 started. Peers: [http://localhost:9000]
Exception in thread "main" java.util.ServiceConfigurationError: io.helidon.webserver.spi.ProtocolConfigProvider: Error accessing configuration file
	at java.base/java.util.ServiceLoader.fail(ServiceLoader.java:552)
	at java.base/java.util.ServiceLoader$LazyClassPathLookupIterator.parse(ServiceLoader.java:1051)
	at java.base/java.util.ServiceLoader$LazyClassPathLookupIterator.nextProviderClass(ServiceLoader.java:1084)
	at java.base/java.util.ServiceLoader$LazyClassPathLookupIterator.hasNextService(ServiceLoader.java:1099)
	at java.base/java.util.ServiceLoader$LazyClassPathLookupIterator.hasNext(ServiceLoader.java:1142)
	at java.base/java.util.ServiceLoader$1.hasNext(ServiceLoader.java:1164)
	at java.base/java.util.ServiceLoader$2.hasNext(ServiceLoader.java:1246)
	at java.base/java.lang.Iterable.forEach(Iterable.java:74)
	at io.helidon.common.HelidonServiceLoader$Builder.build(HelidonServiceLoader.java:175)
	at io.helidon.common.HelidonServiceLoader.create(HelidonServiceLoader.java:112)
	at io.helidon.webserver.ListenerConfig$BuilderBase.preBuildPrototype(ListenerConfig.java:1515)
	at io.helidon.webserver.WebServerConfig$BuilderBase.preBuildPrototype(WebServerConfig.java:423)
	at io.helidon.webserver.WebServerConfig$Builder.buildPrototype(WebServerConfig.java:639)
	at io.helidon.webserver.WebServerConfig$Builder.build(WebServerConfig.java:646)
	at io.jettra.federated.FederatedMain.main(FederatedMain.java:72)
Caused by: java.nio.file.NoSuchFileException: /home/avbravo/NetBeansProjects/golang/jettraDBVM/jettra-federated/target/jettraFederated.jar
	at java.base/sun.nio.fs.UnixException.translateToIOException(UnixException.java:92)
	at java.base/sun.nio.fs.UnixException.rethrowAsIOException(UnixException.java:106)
	at java.base/sun.nio.fs.UnixException.rethrowAsIOException(UnixException.java:111)
	at java.base/sun.nio.fs.UnixFileAttributeViews$Basic.readAttributes(UnixFileAttributeViews.java:57)
	at java.base/sun.nio.fs.UnixFileSystemProvider.readAttributes(UnixFileSystemProvider.java:161)
	at java.base/sun.nio.fs.LinuxFileSystemProvider.readAttributes(LinuxFileSystemProvider.java:99)
	at java.base/java.nio.file.Files.readAttributes(Files.java:1702)
	at java.base/java.util.zip.ZipFile$Source.get(ZipFile.java:1493)
	at java.base/java.util.zip.ZipFile$CleanableResource.<init>(ZipFile.java:704)
	at java.base/java.util.zip.ZipFile.<init>(ZipFile.java:204)
	at java.base/java.util.zip.ZipFile.<init>(ZipFile.java:150)
	at java.base/java.util.jar.JarFile.<init>(JarFile.java:333)
	at java.base/sun.net.www.protocol.jar.URLJarFile.<init>(URLJarFile.java:70)
	at java.base/sun.net.www.protocol.jar.URLJarFile.getJarFile(URLJarFile.java:56)
	at java.base/sun.net.www.protocol.jar.JarFileFactory.get(JarFileFactory.java:202)
	at java.base/sun.net.www.protocol.jar.JarFileFactory.getOrCreate(JarFileFactory.java:95)
	at java.base/sun.net.www.protocol.jar.JarURLConnection.connect(JarURLConnection.java:123)
	at java.base/sun.net.www.protocol.jar.JarURLConnection.getInputStream(JarURLConnection.java:167)
	at java.base/java.util.ServiceLoader$LazyClassPathLookupIterator.parse(ServiceLoader.java:1043)
	... 13 more
dic 21, 2025 5:24:20 P. M. io.jettra.federated.FederatedRaftNode tick
ADVERTENCIA: Election timeout! Starting election.
dic 21, 2025 5:24:20 P. M. io.jettra.federated.FederatedRaftNode becomeLeader
INFORMACIÓN: Became LEADER for term 1
dic 21, 2025 5:24:20 P. M. io.jettra.federated.FederatedEngine onBecomeLeader
INFORMACIÓN: This node is now the FEDERATED LEADER. Taking control of DB cluster.
