Monitoring cluster status at http://localhost:8080... (Ctrl+C to stop)
Time | Leader ID | State | Term
19:58:57 | node-42bc3533-f1cb-4f9d-9c02-84b910a53d80 | LEADER | 0
19:58:58 | node-42bc3533-f1cb-4f9d-9c02-84b910a53d80 | LEADER | 0
19:58:59 | node-42bc3533-f1cb-4f9d-9c02-84b910a53d80 | LEADER | 0
19:59:00 | node-42bc3533-f1cb-4f9d-9c02-84b910a53d80 | LEADER | 0
19:59:01 | node-42bc3533-f1cb-4f9d-9c02-84b910a53d80 | LEADER | 0
19:59:02 | node-42bc3533-f1cb-4f9d-9c02-84b910a53d80 | LEADER | 0
19:59:03 | node-42bc3533-f1cb-4f9d-9c02-84b910a53d80 | LEADER | 0
19:59:04 | node-42bc3533-f1cb-4f9d-9c02-84b910a53d80 | LEADER | 0
19:59:05 | node-42bc3533-f1cb-4f9d-9c02-84b910a53d80 | LEADER | 0
19:59:06 | node-42bc3533-f1cb-4f9d-9c02-84b910a53d80 | LEADER | 0
19:59:07 | node-42bc3533-f1cb-4f9d-9c02-84b910a53d80 | LEADER | 0
19:59:08 | node-42bc3533-f1cb-4f9d-9c02-84b910a53d80 | LEADER | 0
19:59:09 | node-42bc3533-f1cb-4f9d-9c02-84b910a53d80 | LEADER | 0
19:59:10 | node-42bc3533-f1cb-4f9d-9c02-84b910a53d80 | LEADER | 0
19:59:11 | node-42bc3533-f1cb-4f9d-9c02-84b910a53d80 | LEADER | 0
19:59:12 | node-42bc3533-f1cb-4f9d-9c02-84b910a53d80 | LEADER | 0
19:59:13 | node-42bc3533-f1cb-4f9d-9c02-84b910a53d80 | LEADER | 0
19:59:14 | node-42bc3533-f1cb-4f9d-9c02-84b910a53d80 | LEADER | 0
19:59:15 | node-42bc3533-f1cb-4f9d-9c02-84b910a53d80 | LEADER | 0
19:59:16 | node-42bc3533-f1cb-4f9d-9c02-84b910a53d80 | LEADER | 0
19:59:17 | node-42bc3533-f1cb-4f9d-9c02-84b910a53d80 | LEADER | 0
19:59:18 | node-42bc3533-f1cb-4f9d-9c02-84b910a53d80 | LEADER | 0
19:59:19 | node-42bc3533-f1cb-4f9d-9c02-84b910a53d80 | LEADER | 0
19:59:20 | node-42bc3533-f1cb-4f9d-9c02-84b910a53d80 | LEADER | 0
19:59:22 | node-42bc3533-f1cb-4f9d-9c02-84b910a53d80 | LEADER | 0
19:59:23 | node-42bc3533-f1cb-4f9d-9c02-84b910a53d80 | LEADER | 0
19:59:24 | node-42bc3533-f1cb-4f9d-9c02-84b910a53d80 | LEADER | 0
19:59:25 | node-42bc3533-f1cb-4f9d-9c02-84b910a53d80 | LEADER | 0
19:59:26 | node-42bc3533-f1cb-4f9d-9c02-84b910a53d80 | LEADER | 0
19:59:27 | node-42bc3533-f1cb-4f9d-9c02-84b910a53d80 | LEADER | 0
19:59:28 | node-42bc3533-f1cb-4f9d-9c02-84b910a53d80 | LEADER | 0
19:59:29 | node-42bc3533-f1cb-4f9d-9c02-84b910a53d80 | LEADER | 0
19:59:30 | node-42bc3533-f1cb-4f9d-9c02-84b910a53d80 | LEADER | 0
19:59:31 | node-42bc3533-f1cb-4f9d-9c02-84b910a53d80 | LEADER | 0
19:59:32 | node-42bc3533-f1cb-4f9d-9c02-84b910a53d80 | LEADER | 0
19:59:33 | node-42bc3533-f1cb-4f9d-9c02-84b910a53d80 | LEADER | 0
19:59:34 | node-42bc3533-f1cb-4f9d-9c02-84b910a53d80 | LEADER | 0
19:59:35 | node-42bc3533-f1cb-4f9d-9c02-84b910a53d80 | LEADER | 0
19:59:36 | node-42bc3533-f1cb-4f9d-9c02-84b910a53d80 | LEADER | 0
19:59:37 | node-42bc3533-f1cb-4f9d-9c02-84b910a53d80 | LEADER | 0
19:59:38 | node-42bc3533-f1cb-4f9d-9c02-84b910a53d80 | LEADER | 0
19:59:40 | node-42bc3533-f1cb-4f9d-9c02-84b910a53d80 | LEADER | 0
19:59:41 | node-42bc3533-f1cb-4f9d-9c02-84b910a53d80 | LEADER | 0
19:59:42 | node-42bc3533-f1cb-4f9d-9c02-84b910a53d80 | LEADER | 0
19:59:43 | node-42bc3533-f1cb-4f9d-9c02-84b910a53d80 | LEADER | 0
19:59:44 | node-42bc3533-f1cb-4f9d-9c02-84b910a53d80 | LEADER | 0
19:59:45 | node-42bc3533-f1cb-4f9d-9c02-84b910a53d80 | LEADER | 0
19:59:46 | node-42bc3533-f1cb-4f9d-9c02-84b910a53d80 | LEADER | 0
19:59:47 | node-42bc3533-f1cb-4f9d-9c02-84b910a53d80 | LEADER | 0
19:59:48 | node-42bc3533-f1cb-4f9d-9c02-84b910a53d80 | LEADER | 0
19:59:49 | node-42bc3533-f1cb-4f9d-9c02-84b910a53d80 | LEADER | 0
19:59:50 | node-42bc3533-f1cb-4f9d-9c02-84b910a53d80 | LEADER | 0
19:59:51 | node-42bc3533-f1cb-4f9d-9c02-84b910a53d80 | LEADER | 0
19:59:52 | node-42bc3533-f1cb-4f9d-9c02-84b910a53d80 | LEADER | 0
19:59:53 | node-42bc3533-f1cb-4f9d-9c02-84b910a53d80 | LEADER | 0
19:59:54 | node-42bc3533-f1cb-4f9d-9c02-84b910a53d80 | LEADER | 0
19:59:55 | node-42bc3533-f1cb-4f9d-9c02-84b910a53d80 | LEADER | 0
19:59:56 | node-42bc3533-f1cb-4f9d-9c02-84b910a53d80 | LEADER | 0
19:59:57 | node-42bc3533-f1cb-4f9d-9c02-84b910a53d80 | LEADER | 0
19:59:59 | node-42bc3533-f1cb-4f9d-9c02-84b910a53d80 | LEADER | 0
20:00:00 | node-42bc3533-f1cb-4f9d-9c02-84b910a53d80 | LEADER | 0
20:00:01 | node-42bc3533-f1cb-4f9d-9c02-84b910a53d80 | LEADER | 0
20:00:02 | node-42bc3533-f1cb-4f9d-9c02-84b910a53d80 | LEADER | 0
20:00:03 | node-42bc3533-f1cb-4f9d-9c02-84b910a53d80 | LEADER | 0
20:00:04 | node-42bc3533-f1cb-4f9d-9c02-84b910a53d80 | LEADER | 0
20:00:05 | node-42bc3533-f1cb-4f9d-9c02-84b910a53d80 | LEADER | 0
20:00:06 | node-42bc3533-f1cb-4f9d-9c02-84b910a53d80 | LEADER | 0
20:00:07 | node-42bc3533-f1cb-4f9d-9c02-84b910a53d80 | LEADER | 0
20:00:08 | node-42bc3533-f1cb-4f9d-9c02-84b910a53d80 | LEADER | 0
20:00:09 | node-42bc3533-f1cb-4f9d-9c02-84b910a53d80 | LEADER | 0
20:00:10 | node-42bc3533-f1cb-4f9d-9c02-84b910a53d80 | LEADER | 0
20:00:11 | node-42bc3533-f1cb-4f9d-9c02-84b910a53d80 | LEADER | 0
20:00:12 | node-42bc3533-f1cb-4f9d-9c02-84b910a53d80 | LEADER | 0
20:00:13 | node-42bc3533-f1cb-4f9d-9c02-84b910a53d80 | LEADER | 0
20:00:14 | node-42bc3533-f1cb-4f9d-9c02-84b910a53d80 | LEADER | 0
20:00:15 | node-42bc3533-f1cb-4f9d-9c02-84b910a53d80 | LEADER | 0
20:00:16 | node-42bc3533-f1cb-4f9d-9c02-84b910a53d80 | LEADER | 0
20:00:17 | node-42bc3533-f1cb-4f9d-9c02-84b910a53d80 | LEADER | 0
20:00:18 | node-42bc3533-f1cb-4f9d-9c02-84b910a53d80 | LEADER | 0
20:00:19 | node-42bc3533-f1cb-4f9d-9c02-84b910a53d80 | LEADER | 0
20:00:20 | node-42bc3533-f1cb-4f9d-9c02-84b910a53d80 | LEADER | 0
20:00:21 | node-42bc3533-f1cb-4f9d-9c02-84b910a53d80 | LEADER | 0
20:00:22 | node-42bc3533-f1cb-4f9d-9c02-84b910a53d80 | LEADER | 0
20:00:23 | node-42bc3533-f1cb-4f9d-9c02-84b910a53d80 | LEADER | 0
20:00:24 | node-42bc3533-f1cb-4f9d-9c02-84b910a53d80 | LEADER | 0
20:00:25 | node-42bc3533-f1cb-4f9d-9c02-84b910a53d80 | LEADER | 0
20:00:26 | node-42bc3533-f1cb-4f9d-9c02-84b910a53d80 | LEADER | 0
20:00:27 | node-42bc3533-f1cb-4f9d-9c02-84b910a53d80 | LEADER | 0
20:00:28 | node-42bc3533-f1cb-4f9d-9c02-84b910a53d80 | LEADER | 0
20:00:29 | node-42bc3533-f1cb-4f9d-9c02-84b910a53d80 | LEADER | 0
20:00:30 | node-42bc3533-f1cb-4f9d-9c02-84b910a53d80 | LEADER | 0
20:00:31 | node-42bc3533-f1cb-4f9d-9c02-84b910a53d80 | LEADER | 0
20:00:32 | node-42bc3533-f1cb-4f9d-9c02-84b910a53d80 | LEADER | 0
20:00:33 | node-42bc3533-f1cb-4f9d-9c02-84b910a53d80 | LEADER | 0
20:00:34 | node-42bc3533-f1cb-4f9d-9c02-84b910a53d80 | LEADER | 0
20:00:35 | node-42bc3533-f1cb-4f9d-9c02-84b910a53d80 | LEADER | 0
20:00:37 | node-42bc3533-f1cb-4f9d-9c02-84b910a53d80 | LEADER | 0
20:00:38 | node-42bc3533-f1cb-4f9d-9c02-84b910a53d80 | LEADER | 0
20:00:39 | node-42bc3533-f1cb-4f9d-9c02-84b910a53d80 | LEADER | 0
20:00:40 | node-42bc3533-f1cb-4f9d-9c02-84b910a53d80 | LEADER | 0
20:00:41 | node-42bc3533-f1cb-4f9d-9c02-84b910a53d80 | LEADER | 0
20:00:42 | node-42bc3533-f1cb-4f9d-9c02-84b910a53d80 | LEADER | 0
20:00:43 | node-42bc3533-f1cb-4f9d-9c02-84b910a53d80 | LEADER | 0
20:00:44 | node-42bc3533-f1cb-4f9d-9c02-84b910a53d80 | LEADER | 0
20:00:45 | node-42bc3533-f1cb-4f9d-9c02-84b910a53d80 | LEADER | 0
20:00:46 | node-42bc3533-f1cb-4f9d-9c02-84b910a53d80 | LEADER | 0
20:00:47 | node-42bc3533-f1cb-4f9d-9c02-84b910a53d80 | LEADER | 0
20:00:48 | node-42bc3533-f1cb-4f9d-9c02-84b910a53d80 | LEADER | 0
20:00:49 | node-42bc3533-f1cb-4f9d-9c02-84b910a53d80 | LEADER | 0
20:00:50 | node-42bc3533-f1cb-4f9d-9c02-84b910a53d80 | LEADER | 0
20:00:51 | node-42bc3533-f1cb-4f9d-9c02-84b910a53d80 | LEADER | 0
20:00:52 | node-42bc3533-f1cb-4f9d-9c02-84b910a53d80 | LEADER | 0
20:00:53 | node-42bc3533-f1cb-4f9d-9c02-84b910a53d80 | LEADER | 0
20:00:54 | node-42bc3533-f1cb-4f9d-9c02-84b910a53d80 | LEADER | 0
20:00:55 | node-42bc3533-f1cb-4f9d-9c02-84b910a53d80 | LEADER | 0
20:00:56 | node-42bc3533-f1cb-4f9d-9c02-84b910a53d80 | LEADER | 0
20:00:57 | node-42bc3533-f1cb-4f9d-9c02-84b910a53d80 | LEADER | 0
20:00:58 | node-42bc3533-f1cb-4f9d-9c02-84b910a53d80 | LEADER | 0
20:00:59 | node-42bc3533-f1cb-4f9d-9c02-84b910a53d80 | LEADER | 0
20:01:00 | node-42bc3533-f1cb-4f9d-9c02-84b910a53d80 | LEADER | 0
20:01:01 | node-42bc3533-f1cb-4f9d-9c02-84b910a53d80 | LEADER | 0
20:01:02 | node-42bc3533-f1cb-4f9d-9c02-84b910a53d80 | LEADER | 0
20:01:03 | node-42bc3533-f1cb-4f9d-9c02-84b910a53d80 | LEADER | 0
20:01:04 | node-42bc3533-f1cb-4f9d-9c02-84b910a53d80 | LEADER | 0
20:01:05 | node-42bc3533-f1cb-4f9d-9c02-84b910a53d80 | LEADER | 0
20:01:06 | node-42bc3533-f1cb-4f9d-9c02-84b910a53d80 | LEADER | 0
20:01:07 | node-42bc3533-f1cb-4f9d-9c02-84b910a53d80 | LEADER | 0
20:01:08 | node-42bc3533-f1cb-4f9d-9c02-84b910a53d80 | LEADER | 0
20:01:09 | node-42bc3533-f1cb-4f9d-9c02-84b910a53d80 | LEADER | 0
20:01:10 | node-42bc3533-f1cb-4f9d-9c02-84b910a53d80 | LEADER | 0
20:01:11 | node-42bc3533-f1cb-4f9d-9c02-84b910a53d80 | LEADER | 0
20:01:12 | node-42bc3533-f1cb-4f9d-9c02-84b910a53d80 | LEADER | 0
20:01:13 | node-42bc3533-f1cb-4f9d-9c02-84b910a53d80 | LEADER | 0
20:01:14 | node-42bc3533-f1cb-4f9d-9c02-84b910a53d80 | LEADER | 0
20:01:16 | node-42bc3533-f1cb-4f9d-9c02-84b910a53d80 | LEADER | 0
20:01:17 | node-42bc3533-f1cb-4f9d-9c02-84b910a53d80 | LEADER | 0
20:01:18 | node-42bc3533-f1cb-4f9d-9c02-84b910a53d80 | LEADER | 0
20:01:19 | node-42bc3533-f1cb-4f9d-9c02-84b910a53d80 | LEADER | 0
20:01:20 | node-42bc3533-f1cb-4f9d-9c02-84b910a53d80 | LEADER | 0
20:01:21 | node-42bc3533-f1cb-4f9d-9c02-84b910a53d80 | LEADER | 0
20:01:22 | node-42bc3533-f1cb-4f9d-9c02-84b910a53d80 | LEADER | 0
20:01:23 | FAILED TO CONNECT
20:01:24 | FAILED TO CONNECT
20:01:25 | FAILED TO CONNECT
20:01:26 | null | CANDIDATE | 1
20:01:27 | null | CANDIDATE | 1
20:01:28 | null | CANDIDATE | 1
20:01:29 | null | CANDIDATE | 1
20:01:30 | null | CANDIDATE | 2
20:01:31 | null | CANDIDATE | 2
20:01:32 | null | CANDIDATE | 2
20:01:33 | null | CANDIDATE | 2
20:01:34 | null | CANDIDATE | 2
20:01:35 | node-066b2bb7-68e0-4144-b7c8-4e4f78bcbf13 | LEADER | 3
20:01:36 | node-066b2bb7-68e0-4144-b7c8-4e4f78bcbf13 | LEADER | 3
20:01:37 | node-066b2bb7-68e0-4144-b7c8-4e4f78bcbf13 | LEADER | 3
20:01:38 | node-066b2bb7-68e0-4144-b7c8-4e4f78bcbf13 | LEADER | 3
20:01:39 | node-066b2bb7-68e0-4144-b7c8-4e4f78bcbf13 | LEADER | 3
20:01:40 | node-066b2bb7-68e0-4144-b7c8-4e4f78bcbf13 | LEADER | 3
20:01:41 | node-066b2bb7-68e0-4144-b7c8-4e4f78bcbf13 | LEADER | 3
20:01:42 | node-066b2bb7-68e0-4144-b7c8-4e4f78bcbf13 | LEADER | 3
20:01:43 | node-066b2bb7-68e0-4144-b7c8-4e4f78bcbf13 | LEADER | 3
20:01:44 | node-066b2bb7-68e0-4144-b7c8-4e4f78bcbf13 | LEADER | 3
20:01:45 | node-066b2bb7-68e0-4144-b7c8-4e4f78bcbf13 | LEADER | 3
20:01:46 | node-066b2bb7-68e0-4144-b7c8-4e4f78bcbf13 | LEADER | 3
20:01:47 | node-066b2bb7-68e0-4144-b7c8-4e4f78bcbf13 | LEADER | 3
20:01:48 | node-066b2bb7-68e0-4144-b7c8-4e4f78bcbf13 | LEADER | 3
20:01:50 | node-066b2bb7-68e0-4144-b7c8-4e4f78bcbf13 | LEADER | 3
20:01:51 | node-066b2bb7-68e0-4144-b7c8-4e4f78bcbf13 | LEADER | 3
20:01:52 | node-066b2bb7-68e0-4144-b7c8-4e4f78bcbf13 | LEADER | 3
20:01:53 | node-066b2bb7-68e0-4144-b7c8-4e4f78bcbf13 | LEADER | 3
20:01:54 | node-066b2bb7-68e0-4144-b7c8-4e4f78bcbf13 | LEADER | 3
20:01:55 | node-066b2bb7-68e0-4144-b7c8-4e4f78bcbf13 | LEADER | 3
20:01:56 | node-066b2bb7-68e0-4144-b7c8-4e4f78bcbf13 | LEADER | 3
20:01:57 | node-066b2bb7-68e0-4144-b7c8-4e4f78bcbf13 | LEADER | 3
20:01:58 | node-066b2bb7-68e0-4144-b7c8-4e4f78bcbf13 | LEADER | 3
20:01:59 | node-066b2bb7-68e0-4144-b7c8-4e4f78bcbf13 | LEADER | 3
20:02:00 | node-066b2bb7-68e0-4144-b7c8-4e4f78bcbf13 | LEADER | 3
20:02:01 | node-066b2bb7-68e0-4144-b7c8-4e4f78bcbf13 | LEADER | 3
20:02:02 | node-066b2bb7-68e0-4144-b7c8-4e4f78bcbf13 | LEADER | 3
20:02:04 | node-066b2bb7-68e0-4144-b7c8-4e4f78bcbf13 | LEADER | 3
20:02:05 | node-066b2bb7-68e0-4144-b7c8-4e4f78bcbf13 | LEADER | 3
20:02:06 | node-066b2bb7-68e0-4144-b7c8-4e4f78bcbf13 | LEADER | 3
20:02:07 | node-066b2bb7-68e0-4144-b7c8-4e4f78bcbf13 | LEADER | 3
20:02:08 | node-066b2bb7-68e0-4144-b7c8-4e4f78bcbf13 | LEADER | 3
20:02:09 | node-066b2bb7-68e0-4144-b7c8-4e4f78bcbf13 | LEADER | 3
20:02:10 | node-066b2bb7-68e0-4144-b7c8-4e4f78bcbf13 | LEADER | 3
20:02:11 | node-066b2bb7-68e0-4144-b7c8-4e4f78bcbf13 | LEADER | 3
20:02:12 | node-066b2bb7-68e0-4144-b7c8-4e4f78bcbf13 | LEADER | 3
20:02:13 | node-066b2bb7-68e0-4144-b7c8-4e4f78bcbf13 | LEADER | 3
20:02:14 | node-066b2bb7-68e0-4144-b7c8-4e4f78bcbf13 | LEADER | 3
20:02:15 | node-066b2bb7-68e0-4144-b7c8-4e4f78bcbf13 | LEADER | 3
20:02:16 | node-066b2bb7-68e0-4144-b7c8-4e4f78bcbf13 | LEADER | 3
20:02:17 | node-066b2bb7-68e0-4144-b7c8-4e4f78bcbf13 | LEADER | 3
20:02:18 | node-066b2bb7-68e0-4144-b7c8-4e4f78bcbf13 | LEADER | 3
20:02:19 | node-066b2bb7-68e0-4144-b7c8-4e4f78bcbf13 | LEADER | 3
20:02:20 | node-066b2bb7-68e0-4144-b7c8-4e4f78bcbf13 | LEADER | 3
20:02:21 | node-066b2bb7-68e0-4144-b7c8-4e4f78bcbf13 | LEADER | 3
20:02:22 | node-066b2bb7-68e0-4144-b7c8-4e4f78bcbf13 | LEADER | 3
20:02:23 | node-066b2bb7-68e0-4144-b7c8-4e4f78bcbf13 | LEADER | 3
20:02:24 | node-066b2bb7-68e0-4144-b7c8-4e4f78bcbf13 | LEADER | 3
20:02:25 | node-066b2bb7-68e0-4144-b7c8-4e4f78bcbf13 | LEADER | 3
20:02:26 | node-066b2bb7-68e0-4144-b7c8-4e4f78bcbf13 | LEADER | 3
20:02:28 | node-066b2bb7-68e0-4144-b7c8-4e4f78bcbf13 | LEADER | 3
20:02:29 | node-066b2bb7-68e0-4144-b7c8-4e4f78bcbf13 | LEADER | 3
20:02:30 | node-066b2bb7-68e0-4144-b7c8-4e4f78bcbf13 | LEADER | 3
20:02:31 | node-066b2bb7-68e0-4144-b7c8-4e4f78bcbf13 | LEADER | 3
20:02:32 | node-066b2bb7-68e0-4144-b7c8-4e4f78bcbf13 | LEADER | 3
