       _      _   _            ____  ______      ____  __
      | |    | | | |          |  _ \|  _ \ \    / /  \/  |
      | | ___| |_| |_ _ __ __ | | | | |_) \ \  / /| \  / |
  _   | |/ _ \ __| __| '__/ _` | | | |  _ < \ \/ / | |\/| |
 | |__| |  __/ |_| |_| | | (_| | |_| | |_) | \  /  | |  | |
  \____/ \___|\__|\__|_|  \__,_|____/|____/   \/   |_|  |_|

JettraDBVM Server v1.0

dic 22, 2025 4:21:46 P. M. io.jettra.jettraDBVM.Main main
INFORMACIÓN: Using config file: /home/avbravo/NetBeansProjects/golang/jettraDBVM/data1/config.json
DEBUG: JettraBasicStore saved data1/_system/_users/a5eaa476-be9b-45aa-ad24-2afbdc51a4dd.jdb ID: a5eaa476-be9b-45aa-ad24-2afbdc51a4dd
Created default admin user in _system._users
DEBUG: JettraBasicStore saved data1/_system/_cluster/f70fd705-e4e2-4b90-a763-84a5e6831fe3.jdb ID: f70fd705-e4e2-4b90-a763-84a5e6831fe3
Created default cluster info in _system._cluster
DEBUG: JettraBasicStore query _system/_clusternodes found 0 files.
DEBUG: JettraBasicStore saved data1/_system/_clusternodes/node1.jdb ID: node1
DEBUG: JettraBasicStore query _system/_clusternodes found 1 files.
DEBUG: Reading file: data1/_system/_clusternodes/node1.jdb
dic 22, 2025 4:21:47 P. M. io.jettra.core.raft.RaftNode <init>
INFORMACIÓN: Bootstrap node initialized in _clusternodes. Becoming LEADER.
dic 22, 2025 4:21:47 P. M. io.jettra.core.raft.RaftNode becomeLeader
INFORMACIÓN: node1 becoming FOLLOWER of null for term 0
dic 22, 2025 4:21:47 P. M. io.jettra.core.raft.RaftNode <init>
INFORMACIÓN: Bootstrap node with no peers (or single node). Forcing LEADER role.
dic 22, 2025 4:21:47 P. M. io.jettra.core.Engine <init>
INFORMACIÓN: JettraDB Engine initialized with dataDir: data1
dic 22, 2025 4:21:47 P. M. io.jettra.core.Engine start
INFORMACIÓN: Starting JettraDB Engine...
dic 22, 2025 4:21:47 P. M. io.jettra.core.raft.RaftNode start
INFORMACIÓN: RaftNode started: node1 Peers: []
dic 22, 2025 4:21:47 P. M. io.helidon.common.features.HelidonFeatures features
INFORMACIÓN: Helidon SE 4.0.5 features: [WebServer]
dic 22, 2025 4:21:47 P. M. io.helidon.webserver.ServerListener start
INFORMACIÓN: [0x76b2cb3b] http://0.0.0.0:8080 bound for socket '@default'
dic 22, 2025 4:21:47 P. M. io.helidon.webserver.LoomServer startIt
INFORMACIÓN: Started all channels in 9 milliseconds. 629 milliseconds since JVM startup. Java 25.0.1+13-LTS
dic 22, 2025 4:21:47 P. M. io.jettra.jettraDBVM.Main main
INFORMACIÓN: Server started at http://0.0.0.0:8080
DEBUG: JettraBasicStore query _system/_clusternodes found 1 files.
DEBUG: Reading file: data1/_system/_clusternodes/node1.jdb
DEBUG: JettraBasicStore query _system/_clusternodes found 1 files.
DEBUG: Reading file: data1/_system/_clusternodes/node1.jdb
dic 22, 2025 4:22:01 P. M. io.jettra.core.raft.RaftNode registerNode
INFORMACIÓN: Registering node with doc: {role=FOLLOWER, _id=node-1860026890, url=http://localhost:8081, status=ACTIVE}
DEBUG: JettraBasicStore saved data1/_system/_clusternodes/node-1860026890.jdb ID: node-1860026890
dic 22, 2025 4:22:01 P. M. io.jettra.core.raft.RaftNode applyCommand
INFORMACIÓN: Replicated Node Register: node-1860026890
DEBUG: JettraBasicStore query _system/_clusternodes found 2 files.
DEBUG: Reading file: data1/_system/_clusternodes/node-1860026890.jdb
DEBUG: Reading file: data1/_system/_clusternodes/node1.jdb
dic 22, 2025 4:22:01 P. M. io.jettra.core.raft.RaftNode registerNode
INFORMACIÓN: Registered and replicated node: http://localhost:8081
DEBUG: JettraBasicStore query _system/_clusternodes found 2 files.
DEBUG: Reading file: data1/_system/_clusternodes/node-1860026890.jdb
DEBUG: Reading file: data1/_system/_clusternodes/node1.jdb
dic 22, 2025 4:22:03 P. M. io.jettra.core.raft.RaftNode lambda$replicateStateTo$0
INFORMACIÓN: State replication attempt 1 for http://localhost:8081
DEBUG: JettraBasicStore query _system/_clusternodes found 2 files.
DEBUG: Reading file: data1/_system/_clusternodes/node-1860026890.jdb
DEBUG: Reading file: data1/_system/_clusternodes/node1.jdb
dic 22, 2025 4:22:03 P. M. io.jettra.core.raft.RaftNode registerNode
INFORMACIÓN: Registering node with doc: {role=FOLLOWER, _id=node-1860026891, url=http://localhost:8082, status=ACTIVE}
DEBUG: JettraBasicStore saved data1/_system/_clusternodes/node-1860026891.jdb ID: node-1860026891
dic 22, 2025 4:22:03 P. M. io.jettra.core.raft.RaftNode lambda$replicateStateTo$0
INFORMACIÓN: Created snapshot size: 2793 bytes for http://localhost:8081
dic 22, 2025 4:22:03 P. M. io.jettra.core.raft.RaftNode applyCommand
INFORMACIÓN: Replicated Node Register: node-1860026891
DEBUG: JettraBasicStore query _system/_clusternodes found 3 files.
DEBUG: Reading file: data1/_system/_clusternodes/node-1860026890.jdb
DEBUG: Reading file: data1/_system/_clusternodes/node-1860026891.jdb
DEBUG: Reading file: data1/_system/_clusternodes/node1.jdb
dic 22, 2025 4:22:03 P. M. io.jettra.core.raft.RaftNode registerNode
INFORMACIÓN: Registered and replicated node: http://localhost:8082
dic 22, 2025 4:22:03 P. M. io.jettra.core.raft.RaftNode lambda$replicateStateTo$0
INFORMACIÓN: Successfully replicated state to http://localhost:8081 on attempt 1
dic 22, 2025 4:22:05 P. M. io.jettra.core.raft.RaftNode lambda$replicateStateTo$0
INFORMACIÓN: State replication attempt 1 for http://localhost:8082
